
/home/runner/work/exp-balance-sheet-coep/exp-balance-sheet-coep/experiment/simulation/lib/jquery.js
  2:58     warning  'module' is not defined                                                    no-undef
  2:73     warning  'module' is not defined                                                    no-undef
  2:6324   warning  Expected a conditional expression and instead saw an assignment            no-cond-assign
  2:6580   warning  Expected a conditional expression and instead saw an assignment            no-cond-assign
  2:7011   warning  Expected a conditional expression and instead saw an assignment            no-cond-assign
  2:7270   warning  Empty block statement                                                      no-empty
  2:7839   warning  Expected a conditional expression and instead saw an assignment            no-cond-assign
  2:9709   warning  Expected a conditional expression and instead saw an assignment            no-cond-assign
  2:11311  warning  Expected a conditional expression and instead saw an assignment            no-cond-assign
  2:11887  warning  Expected a conditional expression and instead saw an assignment            no-cond-assign
  2:11925  warning  Expected a conditional expression and instead saw an assignment            no-cond-assign
  2:12343  warning  Empty block statement                                                      no-empty
  2:12906  warning  Expected a conditional expression and instead saw an assignment            no-cond-assign
  2:13218  warning  Expected a conditional expression and instead saw an assignment            no-cond-assign
  2:15046  warning  Expected a conditional expression and instead saw an assignment            no-cond-assign
  2:15317  warning  Expected a conditional expression and instead saw an assignment            no-cond-assign
  2:15517  warning  Expected a conditional expression and instead saw an assignment            no-cond-assign
  2:15893  warning  Do not access Object.prototype method 'hasOwnProperty' from target object  no-prototype-builtins
  2:16598  warning  Expected a conditional expression and instead saw an assignment            no-cond-assign
  2:18982  warning  Expected a conditional expression and instead saw an assignment            no-cond-assign
  2:19073  warning  Expected a conditional expression and instead saw an assignment            no-cond-assign
  2:19133  warning  Expected a conditional expression and instead saw an assignment            no-cond-assign
  2:20435  warning  Expected a conditional expression and instead saw an assignment            no-cond-assign
  2:21049  warning  Expected a conditional expression and instead saw an assignment            no-cond-assign
  2:21160  warning  Expected a conditional expression and instead saw an assignment            no-cond-assign
  2:23420  warning  Unnecessary escape character: \[                                           no-useless-escape
  2:23422  warning  Unnecessary escape character: \.                                           no-useless-escape
  2:30761  warning  Empty block statement                                                      no-empty
  2:31981  warning  Empty block statement                                                      no-empty
  3:7811   warning  Expected a conditional expression and instead saw an assignment            no-cond-assign
  3:7951   warning  Expected a conditional expression and instead saw an assignment            no-cond-assign
  3:8441   warning  Empty block statement                                                      no-empty
  3:11852  warning  Empty block statement                                                      no-empty
  3:14493  warning  Empty block statement                                                      no-empty
  3:24051  warning  Empty block statement                                                      no-empty
  3:26100  warning  Move function declaration to function body root                            no-inner-declarations
  3:30714  warning  Empty block statement                                                      no-empty
  4:2546   warning  Expected a conditional expression and instead saw an assignment            no-cond-assign
  4:5062   warning  Expected a conditional expression and instead saw an assignment            no-cond-assign
  4:11701  warning  Expected a conditional expression and instead saw an assignment            no-cond-assign
  4:13447  warning  Empty block statement                                                      no-empty
  4:14747  warning  Expected a conditional expression and instead saw an assignment            no-cond-assign
  4:14827  warning  Expected a conditional expression and instead saw an assignment            no-cond-assign
  4:15164  warning  Expected a conditional expression and instead saw an assignment            no-cond-assign
  4:15244  warning  Expected a conditional expression and instead saw an assignment            no-cond-assign
  4:15659  warning  Expected a conditional expression and instead saw an assignment            no-cond-assign
  4:15915  warning  Expected a conditional expression and instead saw an assignment            no-cond-assign
  4:16492  warning  Unnecessary escape character: \/                                           no-useless-escape
  4:17365  warning  Unnecessary escape character: \/                                           no-useless-escape
  4:17377  warning  Unnecessary escape character: \/                                           no-useless-escape
  4:17610  warning  Expected a conditional expression and instead saw an assignment            no-cond-assign
  4:20109  warning  Expected a conditional expression and instead saw an assignment            no-cond-assign
  4:22009  warning  Expected a conditional expression and instead saw an assignment            no-cond-assign
  4:27128  warning  Empty block statement                                                      no-empty
  4:27205  warning  Empty block statement                                                      no-empty
  5:812    warning  'define' is not defined                                                    no-undef
  5:824    warning  'define' is not defined                                                    no-undef

/home/runner/work/exp-balance-sheet-coep/exp-balance-sheet-coep/experiment/simulation/lib/jquery.min.js
  2:71     warning  'module' is not defined                                                    no-undef
  2:86     warning  'module' is not defined                                                    no-undef
  2:5433   warning  Unexpected control character(s) in regular expression: \x1f, \x1f          no-control-regex
  2:5916   warning  Expected a conditional expression and instead saw an assignment            no-cond-assign
  2:6170   warning  Expected a conditional expression and instead saw an assignment            no-cond-assign
  2:6614   warning  Expected a conditional expression and instead saw an assignment            no-cond-assign
  2:7404   warning  Expected a conditional expression and instead saw an assignment            no-cond-assign
  2:9497   warning  Expected a conditional expression and instead saw an assignment            no-cond-assign
  2:9807   warning  Expected a conditional expression and instead saw an assignment            no-cond-assign
  2:11608  warning  Expected a conditional expression and instead saw an assignment            no-cond-assign
  2:12183  warning  Expected a conditional expression and instead saw an assignment            no-cond-assign
  2:12221  warning  Expected a conditional expression and instead saw an assignment            no-cond-assign
  2:13234  warning  Expected a conditional expression and instead saw an assignment            no-cond-assign
  2:13546  warning  Expected a conditional expression and instead saw an assignment            no-cond-assign
  2:15374  warning  Expected a conditional expression and instead saw an assignment            no-cond-assign
  2:15645  warning  Expected a conditional expression and instead saw an assignment            no-cond-assign
  2:15843  warning  Expected a conditional expression and instead saw an assignment            no-cond-assign
  2:16217  warning  Do not access Object.prototype method 'hasOwnProperty' from target object  no-prototype-builtins
  2:16907  warning  Expected a conditional expression and instead saw an assignment            no-cond-assign
  2:18727  warning  Expected a conditional expression and instead saw an assignment            no-cond-assign
  2:18827  warning  Expected a conditional expression and instead saw an assignment            no-cond-assign
  2:18887  warning  Expected a conditional expression and instead saw an assignment            no-cond-assign
  2:19071  warning  Expected a conditional expression and instead saw an assignment            no-cond-assign
  2:20240  warning  Expected a conditional expression and instead saw an assignment            no-cond-assign
  2:21514  warning  Expected a conditional expression and instead saw an assignment            no-cond-assign
  2:21625  warning  Expected a conditional expression and instead saw an assignment            no-cond-assign
  2:23791  warning  Unnecessary escape character: \/                                           no-useless-escape
  2:33395  warning  Empty block statement                                                      no-empty
  2:37269  warning  Unnecessary escape character: \/                                           no-useless-escape
  2:38490  warning  Expected a conditional expression and instead saw an assignment            no-cond-assign
  2:38606  warning  Expected a conditional expression and instead saw an assignment            no-cond-assign
  2:39234  warning  Empty block statement                                                      no-empty
  2:46727  warning  Unnecessary escape character: \/                                           no-useless-escape
  2:49033  warning  Expected a conditional expression and instead saw an assignment            no-cond-assign
  2:50593  warning  Empty block statement                                                      no-empty
  2:58406  warning  Expected a conditional expression and instead saw an assignment            no-cond-assign
  2:59575  warning  Expected a conditional expression and instead saw an assignment            no-cond-assign
  2:65215  warning  Expected a conditional expression and instead saw an assignment            no-cond-assign
  2:66958  warning  Expected a conditional expression and instead saw an assignment            no-cond-assign
  2:67024  warning  Expected a conditional expression and instead saw an assignment            no-cond-assign
  2:67328  warning  Expected a conditional expression and instead saw an assignment            no-cond-assign
  2:67394  warning  Expected a conditional expression and instead saw an assignment            no-cond-assign
  2:67801  warning  Expected a conditional expression and instead saw an assignment            no-cond-assign
  2:68078  warning  Expected a conditional expression and instead saw an assignment            no-cond-assign
  2:73449  warning  Expected a conditional expression and instead saw an assignment            no-cond-assign
  2:75043  warning  Expected a conditional expression and instead saw an assignment            no-cond-assign
  2:75823  warning  'r.href' is assigned to itself                                             no-self-assign
  2:80414  warning  Empty block statement                                                      no-empty
  2:83525  warning  Expected a conditional expression and instead saw an assignment            no-cond-assign
  2:87869  warning  'define' is not defined                                                    no-undef
  2:87881  warning  'define' is not defined                                                    no-undef

/home/runner/work/exp-balance-sheet-coep/exp-balance-sheet-coep/experiment/simulation/lib/raphael.js
  5800:60  error  Parsing error: Deleting local variable in strict mode

/home/runner/work/exp-balance-sheet-coep/exp-balance-sheet-coep/experiment/simulation/lib/raphael.min.js
  1:66     warning  'module' is not defined                                                                                                                          no-undef
  1:112    warning  'define' is not defined                                                                                                                          no-undef
  1:123    warning  'define' is not defined                                                                                                                          no-undef
  1:161    warning  'exports' is not defined                                                                                                                         no-undef
  1:1566   warning  'DocumentTouch' is not defined                                                                                                                   no-undef
  1:2001   warning  Unnecessary escape character: \.                                                                                                                 no-useless-escape
  1:2017   warning  Unnecessary escape character: \.                                                                                                                 no-useless-escape
  1:2033   warning  Unnecessary escape character: \.                                                                                                                 no-useless-escape
  1:2052   warning  Unnecessary escape character: \.                                                                                                                 no-useless-escape
  1:2081   warning  Unnecessary escape character: \.                                                                                                                 no-useless-escape
  1:2110   warning  Unnecessary escape character: \.                                                                                                                 no-useless-escape
  1:2126   warning  Unnecessary escape character: \.                                                                                                                 no-useless-escape
  1:2145   warning  Unnecessary escape character: \.                                                                                                                 no-useless-escape
  1:2174   warning  Unnecessary escape character: \.                                                                                                                 no-useless-escape
  1:2203   warning  Unnecessary escape character: \.                                                                                                                 no-useless-escape
  1:2219   warning  Unnecessary escape character: \.                                                                                                                 no-useless-escape
  1:2238   warning  Unnecessary escape character: \.                                                                                                                 no-useless-escape
  1:2346   warning  Unnecessary escape character: \)                                                                                                                 no-useless-escape
  1:3257   warning  Unexpected control character(s) in regular expression: \x09, \x0a, \x0b, \x0c, \x0d, \x09, \x0a, \x0b, \x0c, \x0d                                no-control-regex
  1:3582   warning  Unexpected control character(s) in regular expression: \x09, \x0a, \x0b, \x0c, \x0d, \x09, \x0a, \x0b, \x0c, \x0d, \x09, \x0a, \x0b, \x0c, \x0d  no-control-regex
  1:3756   warning  Unnecessary escape character: \-                                                                                                                 no-useless-escape
  1:4055   warning  Unexpected control character(s) in regular expression: \x09, \x0a, \x0b, \x0c, \x0d, \x09, \x0a, \x0b, \x0c, \x0d, \x09, \x0a, \x0b, \x0c, \x0d  no-control-regex
  1:4222   warning  Unnecessary escape character: \-                                                                                                                 no-useless-escape
  1:4521   warning  Unexpected control character(s) in regular expression: \x09, \x0a, \x0b, \x0c, \x0d, \x09, \x0a, \x0b, \x0c, \x0d                                no-control-regex
  1:4539   warning  Unnecessary escape character: \-                                                                                                                 no-useless-escape
  1:4856   warning  Unexpected control character(s) in regular expression: \x09, \x0a, \x0b, \x0c, \x0d, \x09, \x0a, \x0b, \x0c, \x0d                                no-control-regex
  1:5154   warning  Unnecessary escape character: \)                                                                                                                 no-useless-escape
  1:7857   warning  'ActiveXObject' is not defined                                                                                                                   no-undef
  1:7931   warning  'createPopup' is not defined                                                                                                                     no-undef
  1:19015  warning  Expected a 'break' statement before 'default'                                                                                                    no-fallthrough
  1:20113  warning  Expected a 'break' statement before 'default'                                                                                                    no-fallthrough
  1:20421  warning  Expected a 'break' statement before 'default'                                                                                                    no-fallthrough
  1:24342  warning  Unnecessary escape character: \.                                                                                                                 no-useless-escape
  1:35757  warning  't' is defined but never used                                                                                                                    no-unused-vars
  1:49075  warning  'r' is defined but never used                                                                                                                    no-unused-vars
  1:50549  warning  'i' is defined but never used                                                                                                                    no-unused-vars
  1:50598  warning  'r' is defined but never used                                                                                                                    no-unused-vars
  1:52666  warning  Unnecessary escape character: \}                                                                                                                 no-useless-escape
  1:53074  warning  Empty block statement                                                                                                                            no-empty
  1:53754  warning  Unnecessary escape character: \)                                                                                                                 no-useless-escape
  1:60967  warning  Unnecessary escape character: \-                                                                                                                 no-useless-escape
  1:72245  warning  Unnecessary escape character: \-                                                                                                                 no-useless-escape
  1:72515  warning  Unnecessary escape character: \(                                                                                                                 no-useless-escape
  1:72517  warning  Unnecessary escape character: \)                                                                                                                 no-useless-escape
  1:75570  warning  Expected a conditional expression and instead saw an assignment                                                                                  no-cond-assign
  1:77369  warning  Expected a 'break' statement before 'case'                                                                                                       no-fallthrough
  1:77405  warning  Expected a 'break' statement before 'case'                                                                                                       no-fallthrough
  1:77447  warning  Expected a 'break' statement before 'case'                                                                                                       no-fallthrough
  1:77582  warning  Expected a 'break' statement before 'case'                                                                                                       no-fallthrough
  1:77619  warning  Expected a 'break' statement before 'case'                                                                                                       no-fallthrough
  1:77661  warning  Expected a 'break' statement before 'case'                                                                                                       no-fallthrough
  1:79325  warning  Expected a 'break' statement before 'case'                                                                                                       no-fallthrough
  1:79783  warning  Expected a 'break' statement before 'case'                                                                                                       no-fallthrough
  1:79973  warning  Expected a 'break' statement before 'default'                                                                                                    no-fallthrough
  1:80032  warning  Unnecessary escape character: \-                                                                                                                 no-useless-escape
  1:89485  warning  'r' is defined but never used                                                                                                                    no-unused-vars
  1:89543  warning  Unnecessary escape character: \.                                                                                                                 no-useless-escape
  1:89545  warning  Unnecessary escape character: \/                                                                                                                 no-useless-escape
  1:90733  warning  Unnecessary escape character: \.                                                                                                                 no-useless-escape
  1:90735  warning  Unnecessary escape character: \^                                                                                                                 no-useless-escape
  1:90739  warning  Unnecessary escape character: \[                                                                                                                 no-useless-escape
  1:90741  warning  Unnecessary escape character: \-                                                                                                                 no-useless-escape
  1:90780  warning  Unnecessary escape character: \.                                                                                                                 no-useless-escape
  1:90782  warning  Unnecessary escape character: \/                                                                                                                 no-useless-escape
  1:91000  warning  Do not access Object.prototype method 'hasOwnProperty' from target object                                                                        no-prototype-builtins

/home/runner/work/exp-balance-sheet-coep/exp-balance-sheet-coep/experiment/simulation/src/bootstrap.min.js
  6:71     warning  'exports' is not defined       no-undef
  6:79     warning  'require' is not defined       no-undef
  6:97     warning  'require' is not defined       no-undef
  6:146    warning  'define' is not defined        no-undef
  6:157    warning  'define' is not defined        no-undef
  6:657    warning  'r' is a function              no-func-assign
  6:38683  warning  'n' is defined but never used  no-unused-vars

/home/runner/work/exp-balance-sheet-coep/exp-balance-sheet-coep/experiment/simulation/src/energyCalculation1.js
    6:10  warning  'energyMass' is defined but never used  no-unused-vars
   19:2   warning  '$' is not defined                      no-undef
  116:2   warning  '$' is not defined                      no-undef
  136:2   warning  '$' is not defined                      no-undef
  137:3   warning  'water' is not defined                  no-undef
  140:2   warning  '$' is not defined                      no-undef
  144:22  warning  '$' is not defined                      no-undef
  147:4   warning  'Swal' is not defined                   no-undef
  162:30  warning  '$' is not defined                      no-undef
  167:6   warning  '$' is not defined                      no-undef
  168:6   warning  '$' is not defined                      no-undef
  169:6   warning  '$' is not defined                      no-undef
  171:21  warning  'scrollToBottom' is not defined         no-undef
  173:6   warning  'Swal' is not defined                   no-undef
  191:5   warning  'Swal' is not defined                   no-undef
  212:6   warning  '$' is not defined                      no-undef
  213:6   warning  '$' is not defined                      no-undef
  214:6   warning  '$' is not defined                      no-undef
  216:6   warning  'scrollToBottom' is not defined         no-undef
  219:6   warning  'Swal' is not defined                   no-undef
  240:2   warning  '$' is not defined                      no-undef
  245:19  warning  '$' is not defined                      no-undef
  248:4   warning  'Swal' is not defined                   no-undef
  263:27  warning  '$' is not defined                      no-undef
  268:6   warning  '$' is not defined                      no-undef
  269:6   warning  '$' is not defined                      no-undef
  270:6   warning  '$' is not defined                      no-undef
  274:6   warning  'Swal' is not defined                   no-undef
  292:5   warning  'Swal' is not defined                   no-undef
  313:6   warning  '$' is not defined                      no-undef
  314:6   warning  '$' is not defined                      no-undef
  315:6   warning  '$' is not defined                      no-undef
  319:6   warning  'Swal' is not defined                   no-undef
  342:2   warning  '$' is not defined                      no-undef
  343:15  warning  '$' is not defined                      no-undef
  344:19  warning  '$' is not defined                      no-undef
  347:4   warning  '$' is not defined                      no-undef
  348:4   warning  '$' is not defined                      no-undef
  349:4   warning  '$' is not defined                      no-undef
  350:4   warning  '$' is not defined                      no-undef
  352:4   warning  'Swal' is not defined                   no-undef
  370:2   warning  '$' is not defined                      no-undef
  372:20  warning  '$' is not defined                      no-undef
  375:4   warning  'Swal' is not defined                   no-undef
  389:28  warning  '$' is not defined                      no-undef
  394:6   warning  '$' is not defined                      no-undef
  395:6   warning  '$' is not defined                      no-undef
  396:6   warning  '$' is not defined                      no-undef
  400:6   warning  'Swal' is not defined                   no-undef
  418:5   warning  'Swal' is not defined                   no-undef
  438:6   warning  '$' is not defined                      no-undef
  439:6   warning  '$' is not defined                      no-undef
  441:6   warning  '$' is not defined                      no-undef
  444:6   warning  'Swal' is not defined                   no-undef
  466:6   warning  'id' is already defined                 no-redeclare
  468:2   warning  '$' is not defined                      no-undef
  470:20  warning  '$' is not defined                      no-undef
  473:4   warning  'Swal' is not defined                   no-undef
  487:28  warning  '$' is not defined                      no-undef
  492:6   warning  '$' is not defined                      no-undef
  493:6   warning  '$' is not defined                      no-undef
  494:6   warning  '$' is not defined                      no-undef
  497:6   warning  'Swal' is not defined                   no-undef
  515:5   warning  'Swal' is not defined                   no-undef
  535:6   warning  '$' is not defined                      no-undef
  536:6   warning  '$' is not defined                      no-undef
  537:6   warning  '$' is not defined                      no-undef
  541:6   warning  'Swal' is not defined                   no-undef
  563:2   warning  '$' is not defined                      no-undef
  566:3   warning  'Swal' is not defined                   no-undef
  589:6   warning  'index' is already defined              no-redeclare
  596:2   warning  '$' is not defined                      no-undef
  599:3   warning  'Swal' is not defined                   no-undef

/home/runner/work/exp-balance-sheet-coep/exp-balance-sheet-coep/experiment/simulation/src/finalFirstPartComplete.js
    4:10   warning  'finalAComplete' is defined but never used  no-unused-vars
   12:74   warning  'hgTemp' is not defined                     no-undef
   14:56   warning  'wfRate' is not defined                     no-undef
   15:56   warning  'tfFeed' is not defined                     no-undef
   19:2    warning  '$' is not defined                          no-undef
   35:52   warning  'wfRate' is not defined                     no-undef
   37:43   warning  'msteemVal' is not defined                  no-undef
   59:109  warning  'qxVal' is not defined                      no-undef
   64:98   warning  'hfgVal' is not defined                     no-undef
  126:2    warning  '$' is not defined                          no-undef
  134:2    warning  '$' is not defined                          no-undef
  136:13   warning  '$' is not defined                          no-undef
  141:5    warning  '$' is not defined                          no-undef
  142:5    warning  '$' is not defined                          no-undef
  144:5    warning  '$' is not defined                          no-undef
  145:5    warning  '$' is not defined                          no-undef
  147:5    warning  '$' is not defined                          no-undef
  148:5    warning  '$' is not defined                          no-undef
  151:6    warning  'Swal' is not defined                       no-undef
  166:7    warning  'Swal' is not defined                       no-undef
  179:7    warning  'Swal' is not defined                       no-undef
  192:7    warning  'Swal' is not defined                       no-undef
  213:4    warning  'Swal' is not defined                       no-undef
  230:2    warning  '$' is not defined                          no-undef
  232:17   warning  'wfRate' is not defined                     no-undef
  235:24   warning  'tfFeed' is not defined                     no-undef
  237:22   warning  '$' is not defined                          no-undef
  241:4    warning  'Swal' is not defined                       no-undef
  255:30   warning  '$' is not defined                          no-undef
  260:6    warning  '$' is not defined                          no-undef
  261:6    warning  '$' is not defined                          no-undef
  262:6    warning  '$' is not defined                          no-undef
  263:6    warning  'scrollToBottom' is not defined             no-undef
  266:6    warning  'Swal' is not defined                       no-undef
  284:5    warning  'Swal' is not defined                       no-undef
  305:6    warning  '$' is not defined                          no-undef
  306:6    warning  '$' is not defined                          no-undef
  307:6    warning  '$' is not defined                          no-undef
  308:6    warning  'scrollToBottom' is not defined             no-undef
  312:6    warning  'Swal' is not defined                       no-undef
  334:2    warning  '$' is not defined                          no-undef
  335:30   warning  'qxVal' is not defined                      no-undef
  337:22   warning  '$' is not defined                          no-undef
  341:4    warning  'Swal' is not defined                       no-undef
  355:30   warning  '$' is not defined                          no-undef
  360:6    warning  '$' is not defined                          no-undef
  361:6    warning  '$' is not defined                          no-undef
  362:6    warning  '$' is not defined                          no-undef
  363:6    warning  'scrollToBottom' is not defined             no-undef
  366:6    warning  'Swal' is not defined                       no-undef
  384:5    warning  'Swal' is not defined                       no-undef
  405:6    warning  '$' is not defined                          no-undef
  406:6    warning  '$' is not defined                          no-undef
  407:6    warning  '$' is not defined                          no-undef
  408:6    warning  'scrollToBottom' is not defined             no-undef
  412:6    warning  'Swal' is not defined                       no-undef
  435:2    warning  '$' is not defined                          no-undef
  436:19   warning  'msteemVal' is not defined                  no-undef
  436:31   warning  'hfgVal' is not defined                     no-undef
  437:13   warning  'hgTemp' is not defined                     no-undef
  438:20   warning  'msteemVal' is not defined                  no-undef
  441:21   warning  '$' is not defined                          no-undef
  445:4    warning  'Swal' is not defined                       no-undef
  459:29   warning  '$' is not defined                          no-undef
  464:6    warning  '$' is not defined                          no-undef
  465:6    warning  '$' is not defined                          no-undef
  466:6    warning  '$' is not defined                          no-undef
  467:6    warning  'scrollToBottom' is not defined             no-undef
  470:6    warning  'Swal' is not defined                       no-undef
  488:5    warning  'Swal' is not defined                       no-undef
  509:6    warning  '$' is not defined                          no-undef
  510:6    warning  '$' is not defined                          no-undef
  511:6    warning  '$' is not defined                          no-undef
  512:6    warning  'scrollToBottom' is not defined             no-undef
  516:6    warning  'Swal' is not defined                       no-undef

/home/runner/work/exp-balance-sheet-coep/exp-balance-sheet-coep/experiment/simulation/src/heatExWater.js
    5:10   warning  'water' is defined but never used  no-unused-vars
   11:6    warning  'tfFeed' is not defined            no-undef
   14:13   warning  'tfFeed' is not defined            no-undef
   17:13   warning  'tfFeed' is not defined            no-undef
   20:13   warning  'tfFeed' is not defined            no-undef
   23:13   warning  'tfFeed' is not defined            no-undef
   26:13   warning  'tfFeed' is not defined            no-undef
   29:13   warning  'tfFeed' is not defined            no-undef
   32:13   warning  'tfFeed' is not defined            no-undef
   35:13   warning  'tfFeed' is not defined            no-undef
   40:74   warning  'hgTemp' is not defined            no-undef
   42:56   warning  'wfRate' is not defined            no-undef
   43:56   warning  'tfFeed' is not defined            no-undef
   47:2    warning  '$' is not defined                 no-undef
   59:104  warning  'hgTemp' is not defined            no-undef
   63:71   warning  'tfFeed' is not defined            no-undef
  174:63   warning  'hgTemp' is not defined            no-undef
  175:2    warning  '$' is not defined                 no-undef
  177:2    warning  '$' is not defined                 no-undef
  189:2    warning  '$' is not defined                 no-undef
  190:3    warning  'steam' is not defined             no-undef
  193:2    warning  '$' is not defined                 no-undef
  197:22   warning  '$' is not defined                 no-undef
  200:4    warning  'Swal' is not defined              no-undef
  215:19   warning  '$' is not defined                 no-undef
  220:6    warning  '$' is not defined                 no-undef
  221:6    warning  '$' is not defined                 no-undef
  222:6    warning  '$' is not defined                 no-undef
  224:6    warning  'scrollToBottom' is not defined    no-undef
  226:6    warning  'Swal' is not defined              no-undef
  244:5    warning  'Swal' is not defined              no-undef
  265:6    warning  '$' is not defined                 no-undef
  266:6    warning  '$' is not defined                 no-undef
  267:6    warning  '$' is not defined                 no-undef
  269:6    warning  'scrollToBottom' is not defined    no-undef
  272:6    warning  'Swal' is not defined              no-undef
  293:2    warning  '$' is not defined                 no-undef
  299:21   warning  '$' is not defined                 no-undef
  302:4    warning  'Swal' is not defined              no-undef
  317:29   warning  '$' is not defined                 no-undef
  322:6    warning  '$' is not defined                 no-undef
  323:6    warning  '$' is not defined                 no-undef
  324:6    warning  '$' is not defined                 no-undef
  326:6    warning  'scrollToBottom' is not defined    no-undef
  328:6    warning  'Swal' is not defined              no-undef
  346:5    warning  'Swal' is not defined              no-undef
  367:6    warning  '$' is not defined                 no-undef
  368:6    warning  '$' is not defined                 no-undef
  369:6    warning  '$' is not defined                 no-undef
  371:6    warning  'scrollToBottom' is not defined    no-undef
  374:6    warning  'Swal' is not defined              no-undef
  396:2    warning  '$' is not defined                 no-undef
  401:23   warning  '$' is not defined                 no-undef
  404:4    warning  'Swal' is not defined              no-undef
  419:31   warning  '$' is not defined                 no-undef
  424:6    warning  '$' is not defined                 no-undef
  425:6    warning  '$' is not defined                 no-undef
  426:6    warning  '$' is not defined                 no-undef
  428:6    warning  'scrollToBottom' is not defined    no-undef
  430:6    warning  'Swal' is not defined              no-undef
  448:5    warning  'Swal' is not defined              no-undef
  469:6    warning  '$' is not defined                 no-undef
  470:6    warning  '$' is not defined                 no-undef
  471:6    warning  '$' is not defined                 no-undef
  473:6    warning  'scrollToBottom' is not defined    no-undef
  476:6    warning  'Swal' is not defined              no-undef
  499:2    warning  '$' is not defined                 no-undef
  504:22   warning  '$' is not defined                 no-undef
  507:4    warning  'Swal' is not defined              no-undef
  522:30   warning  '$' is not defined                 no-undef
  527:6    warning  '$' is not defined                 no-undef
  528:6    warning  '$' is not defined                 no-undef
  529:6    warning  '$' is not defined                 no-undef
  531:6    warning  'scrollToBottom' is not defined    no-undef
  534:6    warning  'Swal' is not defined              no-undef
  552:5    warning  'Swal' is not defined              no-undef
  573:6    warning  '$' is not defined                 no-undef
  574:6    warning  '$' is not defined                 no-undef
  575:6    warning  '$' is not defined                 no-undef
  577:6    warning  'scrollToBottom' is not defined    no-undef
  580:6    warning  'Swal' is not defined              no-undef
  603:2    warning  '$' is not defined                 no-undef
  607:20   warning  '$' is not defined                 no-undef
  610:4    warning  'Swal' is not defined              no-undef
  625:28   warning  '$' is not defined                 no-undef
  630:6    warning  '$' is not defined                 no-undef
  631:6    warning  '$' is not defined                 no-undef
  632:6    warning  '$' is not defined                 no-undef
  634:21   warning  'scrollToBottom' is not defined    no-undef
  636:6    warning  'Swal' is not defined              no-undef
  654:5    warning  'Swal' is not defined              no-undef
  675:6    warning  '$' is not defined                 no-undef
  676:6    warning  '$' is not defined                 no-undef
  678:6    warning  '$' is not defined                 no-undef
  679:22   warning  'scrollToBottom' is not defined    no-undef
  682:6    warning  'Swal' is not defined              no-undef
  704:2    warning  '$' is not defined                 no-undef
  711:19   warning  '$' is not defined                 no-undef
  714:4    warning  'Swal' is not defined              no-undef
  729:27   warning  '$' is not defined                 no-undef
  734:6    warning  '$' is not defined                 no-undef
  735:6    warning  '$' is not defined                 no-undef
  736:6    warning  '$' is not defined                 no-undef
  738:21   warning  'scrollToBottom' is not defined    no-undef
  740:6    warning  'Swal' is not defined              no-undef
  758:5    warning  'Swal' is not defined              no-undef
  779:6    warning  '$' is not defined                 no-undef
  780:6    warning  '$' is not defined                 no-undef
  782:6    warning  '$' is not defined                 no-undef
  783:20   warning  'scrollToBottom' is not defined    no-undef
  786:6    warning  'Swal' is not defined              no-undef
  808:2    warning  '$' is not defined                 no-undef
  810:13   warning  'wfRate' is not defined            no-undef
  816:23   warning  '$' is not defined                 no-undef
  819:4    warning  'Swal' is not defined              no-undef
  834:31   warning  '$' is not defined                 no-undef
  839:6    warning  '$' is not defined                 no-undef
  840:6    warning  '$' is not defined                 no-undef
  841:6    warning  '$' is not defined                 no-undef
  845:6    warning  'Swal' is not defined              no-undef
  863:5    warning  'Swal' is not defined              no-undef
  884:6    warning  '$' is not defined                 no-undef
  885:6    warning  '$' is not defined                 no-undef
  887:6    warning  '$' is not defined                 no-undef
  891:6    warning  'Swal' is not defined              no-undef

/home/runner/work/exp-balance-sheet-coep/exp-balance-sheet-coep/experiment/simulation/src/steamCalculation.js
    4:10   warning  'steam' is defined but never used  no-unused-vars
   10:74   warning  'hgTemp' is not defined            no-undef
   12:56   warning  'wfRate' is not defined            no-undef
   13:56   warning  'tfFeed' is not defined            no-undef
   17:2    warning  '$' is not defined                 no-undef
   33:52   warning  'wfRate' is not defined            no-undef
   54:119  warning  'heatVal' is not defined           no-undef
  138:2    warning  '$' is not defined                 no-undef
  147:2    warning  '$' is not defined                 no-undef
  148:3    warning  'finalAComplete' is not defined    no-undef
  151:2    warning  '$' is not defined                 no-undef
  155:20   warning  '$' is not defined                 no-undef
  159:4    warning  'Swal' is not defined              no-undef
  173:28   warning  '$' is not defined                 no-undef
  178:6    warning  '$' is not defined                 no-undef
  179:6    warning  '$' is not defined                 no-undef
  180:6    warning  Mixed spaces and tabs              no-mixed-spaces-and-tabs
  180:17   warning  '$' is not defined                 no-undef
  181:6    warning  'scrollToBottom' is not defined    no-undef
  184:6    warning  'Swal' is not defined              no-undef
  202:5    warning  'Swal' is not defined              no-undef
  223:6    warning  '$' is not defined                 no-undef
  224:6    warning  '$' is not defined                 no-undef
  225:6    warning  Mixed spaces and tabs              no-mixed-spaces-and-tabs
  225:17   warning  '$' is not defined                 no-undef
  226:6    warning  'scrollToBottom' is not defined    no-undef
  230:6    warning  'Swal' is not defined              no-undef
  253:2    warning  '$' is not defined                 no-undef
  257:20   warning  '$' is not defined                 no-undef
  261:4    warning  'Swal' is not defined              no-undef
  275:28   warning  '$' is not defined                 no-undef
  280:6    warning  '$' is not defined                 no-undef
  281:6    warning  '$' is not defined                 no-undef
  282:6    warning  '$' is not defined                 no-undef
  283:6    warning  'scrollToBottom' is not defined    no-undef
  286:6    warning  'Swal' is not defined              no-undef
  304:5    warning  'Swal' is not defined              no-undef
  325:6    warning  '$' is not defined                 no-undef
  326:6    warning  '$' is not defined                 no-undef
  327:6    warning  '$' is not defined                 no-undef
  328:6    warning  'scrollToBottom' is not defined    no-undef
  332:6    warning  'Swal' is not defined              no-undef
  354:2    warning  '$' is not defined                 no-undef
  355:23   warning  'hgTemp' is not defined            no-undef
  356:28   warning  'tfFeed' is not defined            no-undef
  364:22   warning  '$' is not defined                 no-undef
  368:4    warning  'Swal' is not defined              no-undef
  382:30   warning  '$' is not defined                 no-undef
  387:6    warning  '$' is not defined                 no-undef
  388:6    warning  '$' is not defined                 no-undef
  389:6    warning  '$' is not defined                 no-undef
  390:6    warning  'scrollToBottom' is not defined    no-undef
  393:6    warning  'Swal' is not defined              no-undef
  411:5    warning  'Swal' is not defined              no-undef
  432:6    warning  '$' is not defined                 no-undef
  433:6    warning  '$' is not defined                 no-undef
  434:6    warning  '$' is not defined                 no-undef
  435:6    warning  'scrollToBottom' is not defined    no-undef
  439:6    warning  'Swal' is not defined              no-undef
  462:2    warning  '$' is not defined                 no-undef
  463:23   warning  'heatVal' is not defined           no-undef
  472:20   warning  '$' is not defined                 no-undef
  476:4    warning  'Swal' is not defined              no-undef
  490:28   warning  '$' is not defined                 no-undef
  495:6    warning  '$' is not defined                 no-undef
  496:6    warning  '$' is not defined                 no-undef
  497:6    warning  '$' is not defined                 no-undef
  498:6    warning  'scrollToBottom' is not defined    no-undef
  501:6    warning  'Swal' is not defined              no-undef
  519:5    warning  'Swal' is not defined              no-undef
  540:6    warning  '$' is not defined                 no-undef
  541:6    warning  '$' is not defined                 no-undef
  542:6    warning  '$' is not defined                 no-undef
  543:6    warning  'scrollToBottom' is not defined    no-undef
  547:6    warning  'Swal' is not defined              no-undef
  570:2    warning  '$' is not defined                 no-undef
  577:14   warning  'hgTemp' is not defined            no-undef
  588:20   warning  '$' is not defined                 no-undef
  592:4    warning  'Swal' is not defined              no-undef
  606:28   warning  '$' is not defined                 no-undef
  611:6    warning  '$' is not defined                 no-undef
  612:6    warning  '$' is not defined                 no-undef
  613:6    warning  '$' is not defined                 no-undef
  614:6    warning  'scrollToBottom' is not defined    no-undef
  617:6    warning  'Swal' is not defined              no-undef
  635:5    warning  'Swal' is not defined              no-undef
  656:6    warning  '$' is not defined                 no-undef
  657:6    warning  '$' is not defined                 no-undef
  658:6    warning  '$' is not defined                 no-undef
  660:6    warning  'scrollToBottom' is not defined    no-undef
  663:6    warning  'Swal' is not defined              no-undef
  687:2    warning  '$' is not defined                 no-undef
  690:3    warning  'Swal' is not defined              no-undef
  712:2    warning  '$' is not defined                 no-undef
  715:15   warning  'hgTemp' is not defined            no-undef
  722:21   warning  '$' is not defined                 no-undef
  725:4    warning  'Swal' is not defined              no-undef
  739:29   warning  '$' is not defined                 no-undef
  744:6    warning  '$' is not defined                 no-undef
  745:6    warning  '$' is not defined                 no-undef
  746:6    warning  '$' is not defined                 no-undef
  749:6    warning  'Swal' is not defined              no-undef
  767:5    warning  'Swal' is not defined              no-undef
  787:6    warning  '$' is not defined                 no-undef
  788:6    warning  '$' is not defined                 no-undef
  789:6    warning  '$' is not defined                 no-undef
  793:6    warning  'Swal' is not defined              no-undef

✖ 561 problems (1 error, 560 warnings)

